<?xml version="1.0" encoding="UTF-8" standalone="no"?>
<testsuite errors="0" failures="0" name="io.cucumber.core.plugin.JUnitFormatter" skipped="0" tests="3" time="9.534">
    <testcase classname="Register Weather station" name="Register weather station without an API Key" time="5.099">
        <system-out><![CDATA[Given Attempt to register a station without a API key.......................passed
Then Verify that attempt to register a station without API key is failed....passed
]]></system-out>
    </testcase>
    <testcase classname="Register Weather station" name="Register weather station with an API Key" time="2.722">
        <system-out><![CDATA[Given Make sure stations are not registered already in DB...................passed
And Attempt to register a First station with an API key.....................passed
Then Verify that http response code for an attempt to register a station with API key is success..passed
Given Attempt to register a Second station with an API key..................passed
Then Verify that http response code for an attempt to register a station with API key is success..passed
]]></system-out>
    </testcase>
    <testcase classname="Register Weather station" name="Verify station details as per registration request in DB." time="1.171">
        <system-out><![CDATA[Given List the stations details stored in DB................................passed
Then Verify that station details are stored successfully in DB as specified in the registration request..passed
]]></system-out>
    </testcase>
</testsuite>
